2025-07-12 23:55:12 +0000 [MT] Initial pipeline context: <IDEDistributionProcessingPipelineContext: 0x7fc424ba0780; archive(resolved)="<IDEArchive: 0x7fc424a28c80>", distributionTask(resolved)="2", distributionDestination(resolved)="1", distributionMethod(resolved)="<IDEDistributionMethodDevelopmentSigned: 0x7fc42013db30>", team(resolved)="<IDEProvisioningBasicTeam: 0x7fc420142a10; teamID='WY3GFL6Y63', teamName='(null)'>">
	Chain (13, self inclusive):
	<IDEDistributionProcessingPipelineContext: 0x7fc424ba0780; archive = "<IDEArchive: 0x7fc424a28c80>", distributionMethod="<IDEDistributionMethodDevelopmentSigned: 0x7fc42013db30>", team="<IDEProvisioningBasicTeam: 0x7fc420142a10; teamID='WY3GFL6Y63', teamName='(null)'>">
	<IDEDistributionProcessingPipelineContext: 0x7fc424ba0270; archive = "<IDEArchive: 0x7fc424a28c80>", distributionMethod="<IDEDistributionMethodDevelopmentSigned: 0x7fc42013db30>", team="<IDEProvisioningBasicTeam: 0x7fc420142a10; teamID='WY3GFL6Y63', teamName='(null)'>">
	<IDEDistributionContext: 0x7fc424ba0070; archive = "<IDEArchive: 0x7fc424a28c80>", distributionMethod="<IDEDistributionMethodDevelopmentSigned: 0x7fc42013db30>", team="<IDEProvisioningBasicTeam: 0x7fc420142a10; teamID='WY3GFL6Y63', teamName='(null)'>">
	<IDEDistributionContext: 0x7fc42494a670; archive = "<IDEArchive: 0x7fc424a28c80>", distributionMethod="<IDEDistributionMethodDevelopmentSigned: 0x7fc42013db30>", team="<IDEProvisioningBasicTeam: 0x7fc420142a10; teamID='WY3GFL6Y63', teamName='(null)'>">
	<IDEDistributionContext: 0x7fc424948af0; archive = "<IDEArchive: 0x7fc424a28c80>", distributionMethod="<IDEDistributionMethodDevelopmentSigned: 0x7fc42013db30>", team="<IDEProvisioningBasicTeam: 0x7fc420142a10; teamID='WY3GFL6Y63', teamName='(null)'>">
	<IDEDistributionContext: 0x7fc424b50e20; archive = "<IDEArchive: 0x7fc424a28c80>", distributionMethod="<IDEDistributionMethodDevelopmentSigned: 0x7fc42013db30>", team="<IDEProvisioningBasicTeam: 0x7fc420142a10; teamID='WY3GFL6Y63', teamName='(null)'>">
	<IDEDistributionContext: 0x7fc422ec4690; archive = "<IDEArchive: 0x7fc424a28c80>", distributionMethod="<IDEDistributionMethodDevelopmentSigned: 0x7fc42013db30>", team="<IDEProvisioningBasicTeam: 0x7fc420142a10; teamID='WY3GFL6Y63', teamName='(null)'>">
	<IDEDistributionContext: 0x7fc424af3870; archive = "<IDEArchive: 0x7fc424a28c80>", distributionMethod="<IDEDistributionMethodDevelopmentSigned: 0x7fc42013db30>", team="<IDEProvisioningBasicTeam: 0x7fc420142a10; teamID='WY3GFL6Y63', teamName='(null)'>">
	<IDEDistributionContext: 0x7fc420607930; archive = "<IDEArchive: 0x7fc424a28c80>", distributionMethod="<IDEDistributionMethodDevelopmentSigned: 0x7fc42013db30>", team="<IDEProvisioningBasicTeam: 0x7fc420142a10; teamID='WY3GFL6Y63', teamName='(null)'>">
	<IDEDistributionContext: 0x7fc422ec68d0; archive = "<IDEArchive: 0x7fc424a28c80>", distributionMethod="<IDEDistributionMethodDevelopmentSigned: 0x7fc42013db30>", team="(null)">
	<IDEDistributionContext: 0x7fc424945960; archive = "<IDEArchive: 0x7fc424a28c80>", distributionMethod="<IDEDistributionMethodDevelopmentSigned: 0x7fc42013db30>", team="(null)">
	<IDEDistributionContext: 0x7fc424ad5730; archive = "<IDEArchive: 0x7fc424a28c80>", distributionMethod="<IDEDistributionMethodDevelopmentSigned: 0x7fc42013db30>", team="(null)">
	<IDEDistributionContext: 0x7fc422eb76a0; archive = "<IDEArchive: 0x7fc424a28c80>", distributionMethod="(null)", team="(null)">
</IDEDistributionProcessingPipelineContext: 0x7fc424ba0780>
2025-07-12 23:55:12 +0000 [MT] Processing step: IDEDistributionCreateDestRootStep
2025-07-12 23:55:12 +0000 [MT] Processing step: IDEDistributionCopyItemStep
2025-07-12 23:55:12 +0000 [MT] Running /usr/bin/ditto '-V' '/Users/ipromise/Desktop/Desktop/v1/expense-app/build/hsu_expense.xcarchive/Products/Applications/HSU expense.app' '/var/folders/1g/y9ph3zg91c58y99727djvbq80000gn/T/XcodeDistPipeline.~~~k5qyB9/Root/Payload/HSU expense.app'
2025-07-12 23:55:12 +0000  >>> Copying /Users/ipromise/Desktop/Desktop/v1/expense-app/build/hsu_expense.xcarchive/Products/Applications/HSU expense.app 
2025-07-12 23:55:12 +0000  copying file ./_CodeSignature/CodeResources ... 
2025-07-12 23:55:12 +0000  4753 bytes for ./_CodeSignature/CodeResources
2025-07-12 23:55:12 +0000  copying file ./AppIcon60x60@2x.png ... 
2025-07-12 23:55:12 +0000  5822 bytes for ./AppIcon60x60@2x.png
copying file ./HSU expense ... 
2025-07-12 23:55:12 +0000  791040 bytes for ./HSU expense
2025-07-12 23:55:12 +0000  copying file ./hsu_expense_export_2025-07-10_11-31-58 PM.json ... 
2025-07-12 23:55:12 +0000  582 bytes for ./hsu_expense_export_2025-07-10_11-31-58 PM.json
2025-07-12 23:55:12 +0000  copying file ./sample_import_100.json ... 
2025-07-12 23:55:12 +0000  22314 bytes for ./sample_import_100.json
2025-07-12 23:55:12 +0000  copying file ./sample_today_import_30.json ... 
2025-07-12 23:55:12 +0000  24428 bytes for ./sample_today_import_30.json
2025-07-12 23:55:12 +0000  copying file ./hsu_expense.momd/hsu_expense.omo ... 
2025-07-12 23:55:12 +0000  1944 bytes for ./hsu_expense.momd/hsu_expense.omo
copying file ./hsu_expense.momd/VersionInfo.plist ... 
2025-07-12 23:55:12 +0000  203 bytes for ./hsu_expense.momd/VersionInfo.plist
copying file ./hsu_expense.momd/hsu_expense.mom ... 
2025-07-12 23:55:12 +0000  1312 bytes for ./hsu_expense.momd/hsu_expense.mom
2025-07-12 23:55:12 +0000  copying file ./Assets.car ... 
2025-07-12 23:55:12 +0000  277167 bytes for ./Assets.car
2025-07-12 23:55:12 +0000  copying file ./ItunesArtwork@2x.png ... 
2025-07-12 23:55:12 +0000  164763 bytes for ./ItunesArtwork@2x.png
copying file ./AppIcon76x76@2x~ipad.png ... 
2025-07-12 23:55:12 +0000  8207 bytes for ./AppIcon76x76@2x~ipad.png
copying file ./embedded.mobileprovision ... 
2025-07-12 23:55:12 +0000  12278 bytes for ./embedded.mobileprovision
copying file ./sample_import_stringified.json ... 
2025-07-12 23:55:12 +0000  7925 bytes for ./sample_import_stringified.json
2025-07-12 23:55:12 +0000  copying file ./Info.plist ... 
2025-07-12 23:55:12 +0000  1474 bytes for ./Info.plist
copying file ./PkgInfo ... 
2025-07-12 23:55:12 +0000  8 bytes for ./PkgInfo
2025-07-12 23:55:12 +0000 [MT] /usr/bin/ditto exited with 0
2025-07-12 23:55:12 +0000 [MT] Processing step: IDEDistributionEmbedProfileStep
2025-07-12 23:55:12 +0000 [MT] Processing step: IDEDistributionInfoPlistStep
2025-07-12 23:55:12 +0000 [MT] Skipping step: IDEDistributionInfoPlistStep because it said so
2025-07-12 23:55:12 +0000 [MT] Processing step: IDEDistributionAppThinningPlistStep
2025-07-12 23:55:12 +0000 [MT] Skipping step: IDEDistributionAppThinningPlistStep because it said so
2025-07-12 23:55:12 +0000 [MT] Processing step: IDEDistributionCompileBitcodeStep
2025-07-12 23:55:12 +0000 [MT] Skipping step: IDEDistributionCompileBitcodeStep because it said so
2025-07-12 23:55:12 +0000 [MT] Processing step: IDEDistributionCodeSlimmingStep
2025-07-12 23:55:12 +0000 [MT] Processing step: IDEDistributionCopyBCSymbolMapsStep
2025-07-12 23:55:12 +0000 [MT] Skipping step: IDEDistributionCopyBCSymbolMapsStep because it said so
2025-07-12 23:55:12 +0000 [MT] Processing step: IDEDistributionSymbolsStep
2025-07-12 23:55:12 +0000 [MT] Skipping step: IDEDistributionSymbolsStep because it said so
2025-07-12 23:55:12 +0000 [MT] Processing step: IDEDistributionAppThinningStep
2025-07-12 23:55:12 +0000 [MT] Skipping step: IDEDistributionAppThinningStep because it said so
2025-07-12 23:55:12 +0000 [MT] Processing step: IDEDistributionArchThinningStep
2025-07-12 23:55:12 +0000 [MT] Running /Applications/Xcode.app/Contents/Developer/Toolchains/XcodeDefault.xctoolchain/usr/bin/lipo '/var/folders/1g/y9ph3zg91c58y99727djvbq80000gn/T/XcodeDistPipeline.~~~k5qyB9/Root/Payload/HSU expense.app/HSU expense' '-verify_arch' 'arm64e'
2025-07-12 23:55:12 +0000 [MT] /Applications/Xcode.app/Contents/Developer/Toolchains/XcodeDefault.xctoolchain/usr/bin/lipo exited with 1
2025-07-12 23:55:12 +0000 [MT] Skipping architecture thinning for item "HSU expense" because arch "arm64e" wasn't found
2025-07-12 23:55:12 +0000 [MT] Processing step: IDEDistributionODRStep
2025-07-12 23:55:12 +0000 [MT] Processing step: IDEDistributionStripXattrsStep
2025-07-12 23:55:12 +0000 [MT] Running /usr/bin/xattr '-crs' '/var/folders/1g/y9ph3zg91c58y99727djvbq80000gn/T/XcodeDistPipeline.~~~k5qyB9/Root/Payload/HSU expense.app'
2025-07-12 23:55:12 +0000 [MT] /usr/bin/xattr exited with 0
2025-07-12 23:55:12 +0000 [MT] Processing step: IDEDistributionCodesignStep
2025-07-12 23:55:12 +0000 [MT] Entitlements for <IDEDistributionItem: 0x7fc42041bd90; bundleID='expense.hsu-expense', path='<DVTFilePath:0x7fc424ace3f0:'/Users/ipromise/Desktop/Desktop/v1/expense-app/build/hsu_expense.xcarchive/Products/Applications/HSU expense.app'>', codeSigningInfo='<_DVTCodeSigningInformation_Path: 0x7fc420419fb0; isSigned='1', isAdHocSigned='0', signingCertificate='<DVTSigningCertificate: 0x7fc424ba7460; name='Apple Development: kyawmyothant1995@icloud.com (SKQN96DNBR)', hash='1549F5B13D2BFA3587503AED94D0BAA58594E6C2', serialNumber='73B902F70225236DB2BFC9D0E997DE50', certificateKinds='(
    "1.2.840.113635.100.6.1.12",
    "1.2.840.113635.100.6.1.2"
), issueDate='2025-07-08 23:36:01 +0000''>', entitlements='{
    "application-identifier" = "WY3GFL6Y63.expense.hsu-expense";
    "com.apple.developer.team-identifier" = WY3GFL6Y63;
    "get-task-allow" = 1;
}', teamID='WY3GFL6Y63', identifier='expense.hsu-expense', executablePath='<DVTFilePath:0x7fc424b62530:'/Users/ipromise/Desktop/Desktop/v1/expense-app/build/hsu_expense.xcarchive/Products/Applications/HSU expense.app/HSU expense'>', hardenedRuntime='0'>'>: {
    "application-identifier" = "WY3GFL6Y63.expense.hsu-expense";
    "com.apple.developer.team-identifier" = WY3GFL6Y63;
    "get-task-allow" = 1;
}
2025-07-12 23:55:12 +0000 [MT] Entitlements for <IDEDistributionItem: 0x7fc42041bd90; bundleID='expense.hsu-expense', path='<DVTFilePath:0x7fc424ace3f0:'/Users/ipromise/Desktop/Desktop/v1/expense-app/build/hsu_expense.xcarchive/Products/Applications/HSU expense.app'>', codeSigningInfo='<_DVTCodeSigningInformation_Path: 0x7fc420419fb0; isSigned='1', isAdHocSigned='0', signingCertificate='<DVTSigningCertificate: 0x7fc424bab390; name='Apple Development: kyawmyothant1995@icloud.com (SKQN96DNBR)', hash='1549F5B13D2BFA3587503AED94D0BAA58594E6C2', serialNumber='73B902F70225236DB2BFC9D0E997DE50', certificateKinds='(
    "1.2.840.113635.100.6.1.12",
    "1.2.840.113635.100.6.1.2"
), issueDate='2025-07-08 23:36:01 +0000''>', entitlements='{
    "application-identifier" = "WY3GFL6Y63.expense.hsu-expense";
    "com.apple.developer.team-identifier" = WY3GFL6Y63;
    "get-task-allow" = 1;
}', teamID='WY3GFL6Y63', identifier='expense.hsu-expense', executablePath='<DVTFilePath:0x7fc424b62530:'/Users/ipromise/Desktop/Desktop/v1/expense-app/build/hsu_expense.xcarchive/Products/Applications/HSU expense.app/HSU expense'>', hardenedRuntime='0'>'> are: {
    "application-identifier" = "WY3GFL6Y63.expense.hsu-expense";
    "com.apple.developer.team-identifier" = WY3GFL6Y63;
    "get-task-allow" = 1;
}
2025-07-12 23:55:12 +0000 [MT] Writing entitlements for <IDEDistributionItem: 0x7fc42041bd90; bundleID='expense.hsu-expense', path='<DVTFilePath:0x7fc424ace3f0:'/Users/ipromise/Desktop/Desktop/v1/expense-app/build/hsu_expense.xcarchive/Products/Applications/HSU expense.app'>', codeSigningInfo='<_DVTCodeSigningInformation_Path: 0x7fc420419fb0; isSigned='1', isAdHocSigned='0', signingCertificate='<DVTSigningCertificate: 0x7fc424bac500; name='Apple Development: kyawmyothant1995@icloud.com (SKQN96DNBR)', hash='1549F5B13D2BFA3587503AED94D0BAA58594E6C2', serialNumber='73B902F70225236DB2BFC9D0E997DE50', certificateKinds='(
    "1.2.840.113635.100.6.1.12",
    "1.2.840.113635.100.6.1.2"
), issueDate='2025-07-08 23:36:01 +0000''>', entitlements='{
    "application-identifier" = "WY3GFL6Y63.expense.hsu-expense";
    "com.apple.developer.team-identifier" = WY3GFL6Y63;
    "get-task-allow" = 1;
}', teamID='WY3GFL6Y63', identifier='expense.hsu-expense', executablePath='<DVTFilePath:0x7fc424b62530:'/Users/ipromise/Desktop/Desktop/v1/expense-app/build/hsu_expense.xcarchive/Products/Applications/HSU expense.app/HSU expense'>', hardenedRuntime='0'>'> to: /var/folders/1g/y9ph3zg91c58y99727djvbq80000gn/T/XcodeDistPipeline.~~~k5qyB9/entitlements~~~u9bUaM
2025-07-12 23:55:12 +0000 [MT] Running /usr/bin/codesign '-vvv' '--force' '--sign' '1549F5B13D2BFA3587503AED94D0BAA58594E6C2' '--entitlements' '/var/folders/1g/y9ph3zg91c58y99727djvbq80000gn/T/XcodeDistPipeline.~~~k5qyB9/entitlements~~~u9bUaM' '--generate-entitlement-der' '--preserve-metadata=identifier,flags,runtime' '/var/folders/1g/y9ph3zg91c58y99727djvbq80000gn/T/XcodeDistPipeline.~~~k5qyB9/Root/Payload/HSU expense.app'
2025-07-12 23:55:12 +0000  /var/folders/1g/y9ph3zg91c58y99727djvbq80000gn/T/XcodeDistPipeline.~~~k5qyB9/Root/Payload/HSU expense.app: replacing existing signature
2025-07-12 23:55:12 +0000  /var/folders/1g/y9ph3zg91c58y99727djvbq80000gn/T/XcodeDistPipeline.~~~k5qyB9/Root/Payload/HSU expense.app: signed app bundle with Mach-O thin (arm64) [expense.hsu-expense]
2025-07-12 23:55:12 +0000 [MT] /usr/bin/codesign exited with 0
2025-07-12 23:55:12 +0000 [MT] Processing step: IDEDistributionZipODRItemStep
2025-07-12 23:55:12 +0000 [MT] Skipping step: IDEDistributionZipODRItemStep because it said so
2025-07-12 23:55:12 +0000 [MT] Processing step: IDEDistributionCreateIPAStep
2025-07-12 23:55:12 +0000 [MT] Running /usr/bin/ditto '-V' '-c' '-k' '--norsrc' '/var/folders/1g/y9ph3zg91c58y99727djvbq80000gn/T/XcodeDistPipeline.~~~k5qyB9/Root' '/var/folders/1g/y9ph3zg91c58y99727djvbq80000gn/T/XcodeDistPipeline.~~~k5qyB9/Packages/HSU expense.ipa'
2025-07-12 23:55:12 +0000  >>> Copying /var/folders/1g/y9ph3zg91c58y99727djvbq80000gn/T/XcodeDistPipeline.~~~k5qyB9/Root 
2025-07-12 23:55:12 +0000  copying file ./Payload/HSU expense.app/_CodeSignature/CodeResources ... 
2025-07-12 23:55:12 +0000  4753 bytes for ./Payload/HSU expense.app/_CodeSignature/CodeResources
2025-07-12 23:55:12 +0000  copying file ./Payload/HSU expense.app/AppIcon60x60@2x.png ... 
2025-07-12 23:55:12 +0000  5822 bytes for ./Payload/HSU expense.app/AppIcon60x60@2x.png
copying file ./Payload/HSU expense.app/HSU expense ... 
2025-07-12 23:55:12 +0000  791040 bytes for ./Payload/HSU expense.app/HSU expense
2025-07-12 23:55:12 +0000  copying file ./Payload/HSU expense.app/hsu_expense_export_2025-07-10_11-31-58 PM.json ... 
582 bytes for ./Payload/HSU expense.app/hsu_expense_export_2025-07-10_11-31-58 PM.json
copying file ./Payload/HSU expense.app/sample_import_100.json ... 
22314 bytes for ./Payload/HSU expense.app/sample_import_100.json
copying file ./Payload/HSU expense.app/sample_today_import_30.json ... 
24428 bytes for ./Payload/HSU expense.app/sample_today_import_30.json
copying file ./Payload/HSU expense.app/hsu_expense.momd/hsu_expense.omo ... 
1944 bytes for ./Payload/HSU expense.app/hsu_expense.momd/hsu_expense.omo
copying file ./Payload/HSU expense.app/hsu_expense.momd/VersionInfo.plist ... 
203 bytes for ./Payload/HSU expense.app/hsu_expense.momd/VersionInfo.plist
copying file ./Payload/HSU expense.app/hsu_expense.momd/hsu_expense.mom ... 
1312 bytes for ./Payload/HSU expense.app/hsu_expense.momd/hsu_expense.mom
copying file ./Payload/HSU expense.app/Assets.car ... 
2025-07-12 23:55:12 +0000  277167 bytes for ./Payload/HSU expense.app/Assets.car
copying file ./Payload/HSU expense.app/ItunesArtwork@2x.png ... 
2025-07-12 23:55:12 +0000  164763 bytes for ./Payload/HSU expense.app/ItunesArtwork@2x.png
2025-07-12 23:55:12 +0000  copying file ./Payload/HSU expense.app/AppIcon76x76@2x~ipad.png ... 
2025-07-12 23:55:12 +0000  8207 bytes for ./Payload/HSU expense.app/AppIcon76x76@2x~ipad.png
2025-07-12 23:55:12 +0000  copying file ./Payload/HSU expense.app/embedded.mobileprovision ... 
2025-07-12 23:55:12 +0000  12278 bytes for ./Payload/HSU expense.app/embedded.mobileprovision
copying file ./Payload/HSU expense.app/sample_import_stringified.json ... 
2025-07-12 23:55:12 +0000  7925 bytes for ./Payload/HSU expense.app/sample_import_stringified.json
2025-07-12 23:55:12 +0000  copying file ./Payload/HSU expense.app/Info.plist ... 
2025-07-12 23:55:12 +0000  1474 bytes for ./Payload/HSU expense.app/Info.plist
copying file ./Payload/HSU expense.app/PkgInfo ... 
2025-07-12 23:55:12 +0000  8 bytes for ./Payload/HSU expense.app/PkgInfo
2025-07-12 23:55:12 +0000 [MT] /usr/bin/ditto exited with 0
2025-07-12 23:55:12 +0000 [MT] Processing step: IDEDistributionAppStoreInformationStep
2025-07-12 23:55:12 +0000 [MT] Skipping step: IDEDistributionAppStoreInformationStep because it said so
2025-07-12 23:55:12 +0000 [MT] Processing step: IDEDistributionGenerateProcessedDistributionItems
2025-07-12 23:55:12 +0000 [MT] IDEDistributionItem init <DVTFilePath:0x7fc424ba5830:'/var/folders/1g/y9ph3zg91c58y99727djvbq80000gn/T/XcodeDistPipeline.~~~k5qyB9/Root/Payload/HSU expense.app'>
2025-07-12 23:55:12 +0000 [MT] Processing step: IDEDistributionCreateManifestStep
